[0.017s] Invoking command in '/home/agvdev/listen/build/my_package': CMAKE_PREFIX_PATH=/opt/ros/foxy /usr/bin/cmake /home/agvdev/listen/src/my_package -DAMENT_CMAKE_SYMLINK_INSTALL=1 -DCMAKE_INSTALL_PREFIX=/home/agvdev/listen/install/my_package
[0.290s] -- The C compiler identification is GNU 9.4.0
[0.508s] -- The CXX compiler identification is GNU 9.4.0
[0.522s] -- Check for working C compiler: /usr/bin/cc
[0.657s] -- Check for working C compiler: /usr/bin/cc -- works
[0.661s] -- Detecting C compiler ABI info
[0.798s] -- Detecting C compiler ABI info - done
[0.815s] -- Detecting C compile features
[0.816s] -- Detecting C compile features - done
[0.822s] -- Check for working CXX compiler: /usr/bin/c++
[0.952s] -- Check for working CXX compiler: /usr/bin/c++ -- works
[0.953s] -- Detecting CXX compiler ABI info
[1.079s] -- Detecting CXX compiler ABI info - done
[1.094s] -- Detecting CXX compile features
[1.095s] -- Detecting CXX compile features - done
[1.100s] -- Found ament_cmake: 0.9.11 (/opt/ros/foxy/share/ament_cmake/cmake)
[1.145s] -- Found PythonInterp: /usr/bin/python3 (found suitable version "3.8.10", minimum required is "3") 
[1.145s] -- Using PYTHON_EXECUTABLE: /usr/bin/python3
[1.395s] -- Override CMake install command with custom implementation using symlinks instead of copying resources
[1.456s] -- Found ament_lint_auto: 0.9.7 (/opt/ros/foxy/share/ament_lint_auto/cmake)
[1.583s] -- Added test 'copyright' to check source files copyright and LICENSE
[1.588s] -- Added test 'flake8' to check Python code syntax and style conventions
[1.589s] -- Added test 'lint_cmake' to check CMake code style
[1.590s] -- Added test 'pep257' to check Python code against some of the style conventions in PEP 257
[1.592s] -- Added test 'xmllint' to check XML markup files
[1.597s] -- Configuring done
[1.600s] -- Generating done
[1.601s] -- Build files have been written to: /home/agvdev/listen/build/my_package
[1.613s] Invoked command in '/home/agvdev/listen/build/my_package' returned '0': CMAKE_PREFIX_PATH=/opt/ros/foxy /usr/bin/cmake /home/agvdev/listen/src/my_package -DAMENT_CMAKE_SYMLINK_INSTALL=1 -DCMAKE_INSTALL_PREFIX=/home/agvdev/listen/install/my_package
[1.615s] Invoking command in '/home/agvdev/listen/build/my_package': CMAKE_PREFIX_PATH=/opt/ros/foxy /usr/bin/cmake --build /home/agvdev/listen/build/my_package -- -j2 -l2
[1.681s] Invoked command in '/home/agvdev/listen/build/my_package' returned '0': CMAKE_PREFIX_PATH=/opt/ros/foxy /usr/bin/cmake --build /home/agvdev/listen/build/my_package -- -j2 -l2
[1.737s] Invoking command in '/home/agvdev/listen/build/my_package': CMAKE_PREFIX_PATH=/opt/ros/foxy /usr/bin/cmake --install /home/agvdev/listen/build/my_package
[1.753s] -- Install configuration: ""
[1.753s] -- Execute custom install script
[1.754s] -- Symlinking: /home/agvdev/listen/install/my_package/share/my_package/launch/listner.launch.py
[1.770s] -- Symlinking: /home/agvdev/listen/install/my_package/share/my_package/launch/talker.launch.py
[1.786s] -- Symlinking: /home/agvdev/listen/install/my_package/share/ament_index/resource_index/package_run_dependencies/my_package
[1.800s] -- Symlinking: /home/agvdev/listen/install/my_package/share/ament_index/resource_index/parent_prefix_path/my_package
[1.817s] -- Symlinking: /home/agvdev/listen/install/my_package/share/my_package/environment/ament_prefix_path.sh
[1.833s] -- Symlinking: /home/agvdev/listen/install/my_package/share/my_package/environment/ament_prefix_path.dsv
[1.846s] -- Symlinking: /home/agvdev/listen/install/my_package/share/my_package/environment/path.sh
[1.865s] -- Symlinking: /home/agvdev/listen/install/my_package/share/my_package/environment/path.dsv
[1.882s] -- Symlinking: /home/agvdev/listen/install/my_package/share/my_package/local_setup.bash
[1.897s] -- Symlinking: /home/agvdev/listen/install/my_package/share/my_package/local_setup.sh
[1.910s] -- Symlinking: /home/agvdev/listen/install/my_package/share/my_package/local_setup.zsh
[1.926s] -- Symlinking: /home/agvdev/listen/install/my_package/share/my_package/local_setup.dsv
[1.941s] -- Symlinking: /home/agvdev/listen/install/my_package/share/my_package/package.dsv
[1.956s] -- Symlinking: /home/agvdev/listen/install/my_package/share/ament_index/resource_index/packages/my_package
[1.975s] -- Symlinking: /home/agvdev/listen/install/my_package/share/my_package/cmake/my_packageConfig.cmake
[1.989s] -- Symlinking: /home/agvdev/listen/install/my_package/share/my_package/cmake/my_packageConfig-version.cmake
[2.003s] -- Symlinking: /home/agvdev/listen/install/my_package/share/my_package/package.xml
[2.024s] Invoked command in '/home/agvdev/listen/build/my_package' returned '0': CMAKE_PREFIX_PATH=/opt/ros/foxy /usr/bin/cmake --install /home/agvdev/listen/build/my_package
